<?xml version="1.0" encoding="UTF-8"?>
<!-- Generated by org.testng.reporters.JUnitReportReporter -->
<testsuite hostname="SUBHA-DAS" failures="0" tests="1" name="testCase.Verify_Fotter_Page" time="29.395" errors="0" timestamp="2022-08-01T09:37:28 IST" skipped="0">
  <testcase classname="testCase.Verify_Fotter_Page" name="verify_Fotter_Page" time="29.395"/>
  <system-out>
    <![CDATA[ParaBank | Welcome | Online Banking
ParaBank | About Us
ParaBank | Services
Automated Software Testing Tool Suite | Parasoft
Automated Software Testing Solutions For Every Testing Need
Welcome to the Forums
ParaBank | Site Map
ParaBank | Customer Care
© Parasoft. All rights reserved.
Visit us at:
Automated Testing to Deliver Superior Quality Software | Parasoft]]>
  </system-out>
</testsuite> <!-- testCase.Verify_Fotter_Page -->
